[debug] [2021-03-30T06:04:57.044Z] ----------------------------------------------------------------------
[debug] [2021-03-30T06:04:57.052Z] Command:       C:\Program Files\nodejs\node.exe C:\Users\Welcome\AppData\Roaming\npm\node_modules\firebase-tools\lib\bin\firebase.js login:ci
[debug] [2021-03-30T06:04:57.054Z] CLI Version:   9.7.0
[debug] [2021-03-30T06:04:57.054Z] Platform:      win32
[debug] [2021-03-30T06:04:57.054Z] Node Version:  v14.16.0
[debug] [2021-03-30T06:04:57.056Z] Time:          Tue Mar 30 2021 11:34:57 GMT+0530 (India Standard Time)
[debug] [2021-03-30T06:04:57.057Z] ----------------------------------------------------------------------
[debug] 
[info] 
[info] Visit this URL on this device to log in:
[info] https://accounts.google.com/o/oauth2/auth?client_id=563584335869-fgrhgmd47bqnekij5i8b5pr03ho849e6.apps.googleusercontent.com&scope=email%20openid%20https%3A%2F%2Fwww.googleapis.com%2Fauth%2Fcloudplatformprojects.readonly%20https%3A%2F%2Fwww.googleapis.com%2Fauth%2Ffirebase%20https%3A%2F%2Fwww.googleapis.com%2Fauth%2Fcloud-platform&response_type=code&state=362105942&redirect_uri=http%3A%2F%2Flocalhost%3A9005
[info] 
[info] Waiting for authentication...
[debug] [2021-03-30T06:04:57.177Z] Error: spawn cmd ENOENT
    at Process.ChildProcess._handle.onexit (internal/child_process.js:269:19)
    at onErrorNT (internal/child_process.js:465:16)
    at processTicksAndRejections (internal/process/task_queues.js:80:21)
[error] 
[error] Error: An unexpected error has occurred.
[debug] [2021-03-30T06:09:59.481Z] ----------------------------------------------------------------------
[debug] [2021-03-30T06:09:59.490Z] Command:       C:\Program Files\nodejs\node.exe C:\Users\Welcome\AppData\Roaming\npm\node_modules\firebase-tools\lib\bin\firebase.js login:ci
[debug] [2021-03-30T06:09:59.491Z] CLI Version:   9.8.0
[debug] [2021-03-30T06:09:59.492Z] Platform:      win32
[debug] [2021-03-30T06:09:59.492Z] Node Version:  v14.16.0
[debug] [2021-03-30T06:09:59.494Z] Time:          Tue Mar 30 2021 11:39:59 GMT+0530 (India Standard Time)
[debug] [2021-03-30T06:09:59.495Z] ----------------------------------------------------------------------
[debug] 
[info] 
[info] Visit this URL on this device to log in:
[info] https://accounts.google.com/o/oauth2/auth?client_id=563584335869-fgrhgmd47bqnekij5i8b5pr03ho849e6.apps.googleusercontent.com&scope=email%20openid%20https%3A%2F%2Fwww.googleapis.com%2Fauth%2Fcloudplatformprojects.readonly%20https%3A%2F%2Fwww.googleapis.com%2Fauth%2Ffirebase%20https%3A%2F%2Fwww.googleapis.com%2Fauth%2Fcloud-platform&response_type=code&state=803460877&redirect_uri=http%3A%2F%2Flocalhost%3A9005
[info] 
[info] Waiting for authentication...
[debug] [2021-03-30T06:09:59.594Z] Error: spawn cmd ENOENT
    at Process.ChildProcess._handle.onexit (internal/child_process.js:269:19)
    at onErrorNT (internal/child_process.js:465:16)
    at processTicksAndRejections (internal/process/task_queues.js:80:21)
[error] 
[error] Error: An unexpected error has occurred.
